<?xml version="1.0" encoding="UTF-8"?>
<!-- Generated by org.testng.reporters.JUnitXMLReporter -->
<testsuite ignored="0" hostname="USENARIFS3L2C" failures="0" tests="3" name="Default test" time="26.236" errors="0" timestamp="27 May 2020 19:07:12 GMT">
  <testcase classname="com.qa.hubspot.tests.HomePageTest" name="veirfyHomePageTitle" time="7.656"/>
  <testcase classname="com.qa.hubspot.tests.HomePageTest" name="verifyHomePageHeader" time="5.077"/>
  <testcase classname="com.qa.hubspot.tests.HomePageTest" name="verifyLoggedUserTest" time="0.051"/>
</testsuite> <!-- Default test -->
