<?xml version="1.0" encoding="UTF-8"?>
<!-- Generated by org.testng.reporters.JUnitXMLReporter -->
<testsuite ignored="0" hostname="USENARIFS3L2C" failures="0" tests="3" name="home page test" time="34.382" errors="0" timestamp="19 Jun 2020 15:15:47 GMT">
  <testcase classname="com.qa.hubspot.tests.HomePageTest" name="veirfyHomePageTitle" time="7.015"/>
  <testcase classname="com.qa.hubspot.tests.HomePageTest" name="verifyHomePageHeader" time="7.228"/>
  <testcase classname="com.qa.hubspot.tests.HomePageTest" name="verifyLoggedUserTest" time="2.341"/>
</testsuite> <!-- home page test -->
