<?xml version="1.0" encoding="UTF-8"?>
<!-- Generated by org.testng.reporters.JUnitXMLReporter -->
<testsuite ignored="0" hostname="USENARIFS3L2C" failures="0" tests="3" name="home page test" time="30.942" errors="0" timestamp="27 May 2020 19:41:11 GMT">
  <testcase classname="com.qa.hubspot.tests.HomePageTest" name="veirfyHomePageTitle" time="7.016"/>
  <testcase classname="com.qa.hubspot.tests.HomePageTest" name="verifyHomePageHeader" time="5.065"/>
  <testcase classname="com.qa.hubspot.tests.HomePageTest" name="verifyLoggedUserTest" time="0.062"/>
</testsuite> <!-- home page test -->
