<?xml version="1.0" encoding="UTF-8"?>
<!-- Generated by org.testng.reporters.JUnitXMLReporter -->
<testsuite ignored="0" hostname="USENARIFS3L2C" failures="0" tests="3" name="login page test" time="24.126" errors="0" timestamp="05 Jul 2020 14:27:47 GMT">
  <testcase classname="com.qa.hubspot.tests.LoginPageTest" name="verifySignUpLink" time="7.483"/>
  <testcase classname="com.qa.hubspot.tests.LoginPageTest" name="verifyLoginpageTitleTest" time="0.077"/>
  <testcase classname="com.qa.hubspot.tests.LoginPageTest" name="LoginPageTest1" time="4.434"/>
</testsuite> <!-- login page test -->
