<?xml version="1.0" encoding="UTF-8"?>
<!-- Generated by org.testng.reporters.JUnitXMLReporter -->
<testsuite ignored="0" hostname="USENARIFS3L2C" failures="0" tests="3" name="login page test" time="20.538" errors="0" timestamp="29 Jun 2020 13:20:12 GMT">
  <testcase classname="com.qa.hubspot.tests.LoginPageTest" name="verifySignUpLink" time="7.171"/>
  <testcase classname="com.qa.hubspot.tests.LoginPageTest" name="verifyLoginpageTitleTest" time="0.064"/>
  <testcase classname="com.qa.hubspot.tests.LoginPageTest" name="LoginPageTest1" time="4.457"/>
</testsuite> <!-- login page test -->
