<?xml version="1.0" encoding="UTF-8"?>
<testng-results ignored="0" total="6" passed="6" failed="0" skipped="0">
  <reporter-output>
  </reporter-output>
  <suite started-at="2020-05-27T19:40:40Z" name="My first automation suite" finished-at="2020-05-27T19:41:11Z" duration-ms="30942">
    <groups>
    </groups>
    <test started-at="2020-05-27T19:40:40Z" name="login page test" finished-at="2020-05-27T19:40:59Z" duration-ms="18569">
      <class name="com.qa.hubspot.tests.LoginPageTest">
        <test-method is-config="true" signature="setUp()[pri:0, instance:com.qa.hubspot.tests.LoginPageTest@3e3047e6]" started-at="2020-05-27T19:40:40Z" name="setUp" finished-at="2020-05-27T19:40:48Z" duration-ms="7272" status="PASS">
          <reporter-output>
          </reporter-output>
        </test-method> <!-- setUp -->
        <test-method signature="LoginPageTest1()[pri:0, instance:com.qa.hubspot.tests.LoginPageTest@3e3047e6]" started-at="2020-05-27T19:40:48Z" name="LoginPageTest1" finished-at="2020-05-27T19:40:57Z" duration-ms="9144" status="PASS">
          <reporter-output>
          </reporter-output>
        </test-method> <!-- LoginPageTest1 -->
        <test-method signature="verifyLoginpageTitleTest()[pri:0, instance:com.qa.hubspot.tests.LoginPageTest@3e3047e6]" started-at="2020-05-27T19:40:57Z" name="verifyLoginpageTitleTest" finished-at="2020-05-27T19:40:57Z" duration-ms="52" status="PASS">
          <reporter-output>
          </reporter-output>
        </test-method> <!-- verifyLoginpageTitleTest -->
        <test-method signature="verifySingUpLink()[pri:0, instance:com.qa.hubspot.tests.LoginPageTest@3e3047e6]" started-at="2020-05-27T19:40:57Z" name="verifySingUpLink" finished-at="2020-05-27T19:40:57Z" duration-ms="238" status="PASS">
          <reporter-output>
          </reporter-output>
        </test-method> <!-- verifySingUpLink -->
        <test-method is-config="true" signature="tearDown()[pri:0, instance:com.qa.hubspot.tests.LoginPageTest@3e3047e6]" started-at="2020-05-27T19:40:57Z" name="tearDown" finished-at="2020-05-27T19:40:59Z" duration-ms="1789" status="PASS">
          <reporter-output>
          </reporter-output>
        </test-method> <!-- tearDown -->
      </class> <!-- com.qa.hubspot.tests.LoginPageTest -->
    </test> <!-- login page test -->
    <test started-at="2020-05-27T19:40:40Z" name="home page test" finished-at="2020-05-27T19:41:11Z" duration-ms="30942">
      <class name="com.qa.hubspot.tests.HomePageTest">
        <test-method is-config="true" signature="setup()[pri:0, instance:com.qa.hubspot.tests.HomePageTest@6293abcc]" started-at="2020-05-27T19:40:40Z" name="setup" finished-at="2020-05-27T19:40:57Z" duration-ms="16643" status="PASS">
          <reporter-output>
          </reporter-output>
        </test-method> <!-- setup -->
        <test-method signature="veirfyHomePageTitle()[pri:1, instance:com.qa.hubspot.tests.HomePageTest@6293abcc]" started-at="2020-05-27T19:40:57Z" name="veirfyHomePageTitle" finished-at="2020-05-27T19:41:04Z" duration-ms="7016" status="PASS">
          <reporter-output>
          </reporter-output>
        </test-method> <!-- veirfyHomePageTitle -->
        <test-method signature="verifyHomePageHeader()[pri:2, instance:com.qa.hubspot.tests.HomePageTest@6293abcc]" started-at="2020-05-27T19:41:04Z" name="verifyHomePageHeader" finished-at="2020-05-27T19:41:09Z" duration-ms="5065" status="PASS">
          <reporter-output>
          </reporter-output>
        </test-method> <!-- verifyHomePageHeader -->
        <test-method signature="verifyLoggedUserTest()[pri:3, instance:com.qa.hubspot.tests.HomePageTest@6293abcc]" started-at="2020-05-27T19:41:09Z" name="verifyLoggedUserTest" finished-at="2020-05-27T19:41:09Z" duration-ms="62" status="PASS">
          <reporter-output>
          </reporter-output>
        </test-method> <!-- verifyLoggedUserTest -->
        <test-method is-config="true" signature="tearDown()[pri:0, instance:com.qa.hubspot.tests.HomePageTest@6293abcc]" started-at="2020-05-27T19:41:09Z" name="tearDown" finished-at="2020-05-27T19:41:11Z" duration-ms="2139" status="PASS">
          <reporter-output>
          </reporter-output>
        </test-method> <!-- tearDown -->
      </class> <!-- com.qa.hubspot.tests.HomePageTest -->
    </test> <!-- home page test -->
  </suite> <!-- My first automation suite -->
</testng-results>
